2023-10-22 13:46:29,977 - modules.gestion_des_taches - INFO - Loaded tasks from CSV file
2023-10-22 13:46:29,979 - modules.gestion_des_taches - INFO - Saved tasks to CSV file
2023-10-22 13:46:29,980 - modules.gestion_des_taches - INFO - Saved tasks to CSV file
2023-10-22 13:47:00,980 - modules.gestion_des_taches - INFO - Loaded tasks from CSV file
2023-10-22 13:47:00,981 - modules.gestion_des_taches - INFO - Saved tasks to CSV file
2023-10-22 13:47:00,981 - modules.gestion_des_taches - INFO - Added task: tache1
2023-10-22 13:47:00,982 - modules.gestion_des_taches - INFO - Saved tasks to CSV file
2023-10-22 13:47:00,982 - modules.gestion_des_taches - INFO - Added task: tache2
2023-10-23 21:49:25,398 - modules.gestion_des_taches - INFO - Loaded tasks from CSV file
2023-10-23 21:49:25,409 - modules.gestion_des_taches - INFO - Saved tasks to CSV file
2023-10-23 21:49:25,409 - modules.gestion_des_taches - INFO - Added task: Tâche 1
2023-10-23 21:49:25,412 - modules.gestion_des_taches - INFO - Saved tasks to CSV file
2023-10-23 21:49:25,413 - modules.gestion_des_taches - INFO - Added task: Tâche 2
2023-10-23 21:49:27,929 - modules.gestion_des_taches - INFO - Loaded tasks from CSV file
2023-10-23 21:49:27,931 - modules.gestion_des_taches - INFO - Saved tasks to CSV file
2023-10-23 21:49:27,932 - modules.gestion_des_taches - INFO - Saved tasks to CSV file
2023-10-30 22:05:13,496 - modules.gestion_des_taches - INFO - Loaded tasks from CSV file
2023-10-30 22:21:54,057 - modules.gestion_des_taches - INFO - Loaded tasks from CSV file
2023-10-30 22:23:35,207 - modules.gestion_des_taches - INFO - Loaded tasks from CSV file
2023-10-30 22:26:49,539 - modules.gestion_des_taches - INFO - Loaded tasks from CSV file
2023-10-30 22:27:18,063 - modules.gestion_des_taches - INFO - Loaded tasks from CSV file
2023-10-30 22:36:46,082 - modules.gestion_des_taches - INFO - Loaded tasks from CSV file
2023-10-30 22:37:45,322 - modules.gestion_des_taches - INFO - Loaded tasks from CSV file
2023-10-30 22:37:52,974 - modules.gestion_des_taches - INFO - Loaded tasks from CSV file
2023-10-30 22:38:10,341 - modules.gestion_des_taches - INFO - Loaded tasks from CSV file
2023-10-30 22:47:31,080 - modules.gestion_des_taches - INFO - Loaded tasks from CSV file
2023-10-30 22:47:38,532 - modules.gestion_des_taches - INFO - Saved tasks to CSV file
2023-10-30 22:47:38,533 - modules.gestion_des_taches - INFO - Added task: fdsf
2023-10-30 22:49:38,503 - modules.gestion_des_taches - INFO - Loaded tasks from CSV file
2023-10-30 22:50:27,771 - modules.gestion_des_taches - INFO - Loaded tasks from CSV file
2023-10-30 22:51:53,072 - modules.gestion_des_taches - INFO - Loaded tasks from CSV file
2023-10-30 22:53:18,036 - modules.gestion_des_taches - INFO - Loaded tasks from CSV file
2023-10-30 22:59:57,812 - modules.gestion_des_taches - INFO - Loaded tasks from CSV file
2023-10-30 23:10:48,087 - modules.gestion_des_taches - INFO - Loaded tasks from CSV file
2023-10-30 23:13:16,706 - modules.gestion_des_taches - INFO - Loaded tasks from CSV file
2023-10-30 23:15:13,518 - modules.gestion_des_taches - INFO - Loaded tasks from CSV file
2023-10-30 23:15:15,623 - modules.gestion_des_taches - INFO - Saved tasks to CSV file
2023-10-30 23:17:26,728 - modules.gestion_des_taches - INFO - Loaded tasks from CSV file
2023-10-30 23:18:34,495 - modules.gestion_des_taches - INFO - Loaded tasks from CSV file
2023-10-30 23:18:37,211 - modules.gestion_des_taches - INFO - Saved tasks to CSV file
2023-10-30 23:18:42,608 - modules.gestion_des_taches - INFO - Saved tasks to CSV file
2023-10-30 23:18:42,608 - modules.gestion_des_taches - INFO - Added task: dfdf
2023-10-30 23:18:46,671 - modules.gestion_des_taches - INFO - Saved tasks to CSV file
2023-10-30 23:19:59,191 - modules.gestion_des_taches - INFO - Loaded tasks from CSV file
2023-10-30 23:20:03,370 - modules.gestion_des_taches - INFO - Saved tasks to CSV file
2023-10-30 23:20:05,298 - modules.gestion_des_taches - INFO - Saved tasks to CSV file
2023-10-30 23:30:53,322 - modules.gestion_des_taches - INFO - Loaded tasks from CSV file
2023-10-30 23:31:59,841 - modules.gestion_des_taches - INFO - Loaded tasks from CSV file
2023-10-30 23:32:59,430 - modules.gestion_des_taches - INFO - Loaded tasks from CSV file
2023-10-30 23:33:27,463 - modules.gestion_des_taches - INFO - Loaded tasks from CSV file
2023-10-30 23:35:58,304 - modules.gestion_des_taches - INFO - Loaded tasks from CSV file
2023-10-30 23:42:01,998 - modules.gestion_des_taches - INFO - Loaded tasks from CSV file
2023-10-30 23:43:48,751 - modules.gestion_des_taches - INFO - Loaded tasks from CSV file
2023-10-30 23:44:00,824 - modules.gestion_des_taches - INFO - Saved tasks to CSV file
2023-10-30 23:44:00,824 - modules.gestion_des_taches - INFO - Added task: ssss
2023-10-30 23:44:03,583 - modules.gestion_des_taches - INFO - Saved tasks to CSV file
2023-10-30 23:44:04,747 - modules.gestion_des_taches - INFO - Saved tasks to CSV file
2023-10-30 23:44:07,116 - modules.gestion_des_taches - INFO - Saved tasks to CSV file
2023-10-30 23:46:35,465 - modules.gestion_des_taches - INFO - Loaded tasks from CSV file
2023-10-30 23:46:38,706 - modules.gestion_des_taches - INFO - Saved tasks to CSV file
2023-10-30 23:46:40,784 - modules.gestion_des_taches - INFO - Saved tasks to CSV file
2023-10-30 23:46:45,204 - modules.gestion_des_taches - INFO - Saved tasks to CSV file
2023-10-30 23:46:45,204 - modules.gestion_des_taches - INFO - Added task: gbn
2023-10-30 23:46:48,359 - modules.gestion_des_taches - INFO - Saved tasks to CSV file
2023-10-30 23:47:49,643 - modules.gestion_des_taches - INFO - Loaded tasks from CSV file
2023-10-30 23:47:51,856 - modules.gestion_des_taches - INFO - Saved tasks to CSV file
2023-10-30 23:47:55,340 - modules.gestion_des_taches - INFO - Saved tasks to CSV file
2023-10-30 23:47:55,340 - modules.gestion_des_taches - INFO - Added task: bfg
2023-10-30 23:47:57,843 - modules.gestion_des_taches - INFO - Saved tasks to CSV file
2023-10-31 00:23:02,042 - modules.gestion_des_taches - INFO - Loaded tasks from CSV file
